Using pre-set license

 COMMAND LINE ARGUMENTS:
/Applications/Unity/Hub/Editor/2020.3.1f1/Unity.app/Contents/MacOS/Unity
-adb2
-batchMode
-noUpm
-name
AssetImportWorker0
-projectPath
/Users/sarahniekamp/Downloads/Virtual Reality/VR Room- Sarah N
-logFile
Logs/AssetImportWorker0.log
-srvPort
58062
Successfully changed project path to: /Users/sarahniekamp/Downloads/Virtual Reality/VR Room- Sarah N
/Users/sarahniekamp/Downloads/Virtual Reality/VR Room- Sarah N
Using Asset Import Pipeline V2.
Refreshing native plugins compatible for Editor in 100.67 ms, found 1 plugins.
Preloading 0 native plugins for Editor in 0.00 ms.
Initialize engine version: 2020.3.1f1 (77a89f25062f)
[Subsystems] Discovering subsystems at path /Applications/Unity/Hub/Editor/2020.3.1f1/Unity.app/Contents/Resources/UnitySubsystems
[Subsystems] Discovering subsystems at path /Users/sarahniekamp/Downloads/Virtual Reality/VR Room- Sarah N/Assets
GfxDevice: creating device client; threaded=0
2023-01-17 15:13:48.328 Unity[51231:1799209] Color LCD preferred device: Intel(R) Iris(TM) Plus Graphics 645 (low power)
2023-01-17 15:13:48.328 Unity[51231:1799209] Metal devices available: 1
2023-01-17 15:13:48.329 Unity[51231:1799209] 0: Intel(R) Iris(TM) Plus Graphics 645 (low power)
2023-01-17 15:13:48.329 Unity[51231:1799209] Using device Intel(R) Iris(TM) Plus Graphics 645 (low power)
Initializing Metal device caps: Intel(R) Iris(TM) Plus Graphics 645
Shader 'Universal Render Pipeline/Particles/Lit': fallback shader 'Universal Render Pipeline/Particles/SimpleLit' not found
Initialize mono
Mono path[0] = '/Applications/Unity/Hub/Editor/2020.3.1f1/Unity.app/Contents/Managed'
Mono path[1] = '/Applications/Unity/Hub/Editor/2020.3.1f1/Unity.app/Contents/MonoBleedingEdge/lib/mono/unityjit'
Mono config path = '/Applications/Unity/Hub/Editor/2020.3.1f1/Unity.app/Contents/MonoBleedingEdge/etc'
Using monoOptions --debugger-agent=transport=dt_socket,embedding=1,server=y,suspend=n,address=127.0.0.1:56231
Begin MonoManager ReloadAssembly
Registering precompiled unity dll's ...
Register platform support module: /Applications/Unity/Hub/Editor/2020.3.1f1/Unity.app/Contents/PlaybackEngines/MacStandaloneSupport/UnityEditor.OSXStandalone.Extensions.dll
Registered in 0.002879 seconds.
Native extension for OSXStandalone target not found
Refreshing native plugins compatible for Editor in 57.18 ms, found 1 plugins.
Preloading 0 native plugins for Editor in 0.00 ms.
Invoked RoslynAnalysisRunner static constructor.
RoslynAnalysisRunner will not be running.
RoslynAnalysisRunner has terminated.
Mono: successfully reloaded assembly
- Completed reload, in  3.508 seconds
Platform modules already initialized, skipping
Registering precompiled user dll's ...
Registered in 0.007997 seconds.
Begin MonoManager ReloadAssembly
Native extension for OSXStandalone target not found
Refreshing native plugins compatible for Editor in 54.82 ms, found 1 plugins.
Preloading 0 native plugins for Editor in 0.00 ms.
Invoked RoslynAnalysisRunner static constructor.
RoslynAnalysisRunner will not be running.
RoslynAnalysisRunner has terminated.
Mono: successfully reloaded assembly
- Completed reload, in  1.155 seconds
Platform modules already initialized, skipping
========================================================================
Worker process is ready to serve import requests
Shader 'Universal Render Pipeline/Particles/Lit': fallback shader 'Universal Render Pipeline/Particles/SimpleLit' not found
Launching external process: /Applications/Unity/Hub/Editor/2020.3.1f1/Unity.app/Contents/Tools/UnityShaderCompiler
Launched and connected shader compiler UnityShaderCompiler after 0.02 seconds
Refreshing native plugins compatible for Editor in 0.73 ms, found 1 plugins.
Preloading 0 native plugins for Editor in 0.00 ms.
Unloading 3106 Unused Serialized files (Serialized files now loaded: 0)
System memory in use before: 151.3 MB.
System memory in use after: 151.5 MB.

Unloading 26 unused Assets to reduce memory usage. Loaded Objects now: 3542.
Total: 2.963840 ms (FindLiveObjects: 0.527079 ms CreateObjectMapping: 0.266511 ms MarkObjects: 2.087240 ms  DeleteObjects: 0.081186 ms)

========================================================================
Received Import Request.
  path: Assets/Scenes/Sarah Room.unity
  artifactKey: Guid(afdcb113ffd5a4353ad88f0dd03743af) Importer(815301076,1909f56bfc062723c751e8b465ee728b)
Start importing Assets/Scenes/Sarah Room.unity using Guid(afdcb113ffd5a4353ad88f0dd03743af) Importer(815301076,1909f56bfc062723c751e8b465ee728b)  -> (artifact id: '29be10602b1b577e148e866eeacd8881') in 0.025470 seconds
  Import took 0.037996 seconds .

AssetImportWorkerClient::OnTransportError - code=2 error=End of file
